Arguments: 
  /usr/local/bin/node /usr/local/bin/yarn add --dev eslint prettier eslint-config-prettier eslint-plugin-prettier eslint-plugin-vue @typescript-eslint/parser @typescr ipt-eslint/eslint-plugin

PATH: 
  /usr/local/bin:/usr/bin:/bin:/usr/sbin:/sbin

Yarn version: 
  1.22.10

Node version: 
  12.16.2

Platform: 
  darwin x64

Trace: 
  Error: https://registry.yarnpkg.com/@typescr: Request "https://registry.yarnpkg.com/@typescr" returned a 405
      at Request.params.callback [as _callback] (/usr/local/lib/node_modules/yarn/lib/cli.js:66997:18)
      at Request.self.callback (/usr/local/lib/node_modules/yarn/lib/cli.js:140662:22)
      at Request.emit (events.js:310:20)
      at Request.<anonymous> (/usr/local/lib/node_modules/yarn/lib/cli.js:141634:10)
      at Request.emit (events.js:310:20)
      at IncomingMessage.<anonymous> (/usr/local/lib/node_modules/yarn/lib/cli.js:141556:12)
      at Object.onceWrapper (events.js:416:28)
      at IncomingMessage.emit (events.js:322:22)
      at endReadableNT (_stream_readable.js:1187:12)
      at processTicksAndRejections (internal/process/task_queues.js:84:21)

npm manifest: 
  {
    "name": "main",
    "version": "0.0.0",
    "scripts": {
      "dev": "vite",
      "build": "vite build"
    },
    "dependencies": {
      "typescript": "^4.2.3",
      "vue": "^3.0.4"
    },
    "devDependencies": {
      "@tailwindcss/postcss7-compat": "^2.0.3",
      "@vue/compiler-sfc": "^3.0.4",
      "autoprefixer": "^9.8.6",
      "postcss": "^7.0.35",
      "tailwindcss": "npm:@tailwindcss/postcss7-compat@^2.0.3",
      "vite": "^1.0.0-rc.13",
      "vite-plugin-pwa": "^0.5.6"
    }
  }

yarn manifest: 
  No manifest

Lockfile: 
  No lockfile
